<?xml version="1.0" encoding="UTF-8"?>
<testng-results ignored="0" total="4" passed="4" failed="0" skipped="0">
  <reporter-output>
  </reporter-output>
  <suite started-at="2024-10-04T00:30:44 IST" name="Default suite" finished-at="2024-10-04T00:30:45 IST" duration-ms="558">
    <groups>
    </groups>
    <test started-at="2024-10-04T00:30:44 IST" name="Default test" finished-at="2024-10-04T00:30:45 IST" duration-ms="558">
      <class name="jdcb.Orange_hrm">
        <test-method is-config="true" signature="test()[pri:0, instance:jdcb.Orange_hrm@51f116b8]" started-at="2024-10-04T00:30:45 IST" name="test" finished-at="2024-10-04T00:30:45 IST" duration-ms="21" status="PASS">
          <reporter-output>
          </reporter-output>
        </test-method> <!-- test -->
        <test-method signature="testdata(java.lang.String,java.lang.String)[pri:0, instance:jdcb.Orange_hrm@51f116b8]" started-at="2024-10-04T00:30:45 IST" name="testdata" data-provider="orange_hrm" finished-at="2024-10-04T00:30:45 IST" duration-ms="4" status="PASS">
          <params>
            <param index="0">
              <value>
                <![CDATA[niranjan4]]>
              </value>
            </param>
            <param index="1">
              <value>
                <![CDATA[LT]]>
              </value>
            </param>
          </params>
          <reporter-output>
          </reporter-output>
        </test-method> <!-- testdata -->
        <test-method is-config="true" signature="test()[pri:0, instance:jdcb.Orange_hrm@51f116b8]" started-at="2024-10-04T00:30:45 IST" name="test" finished-at="2024-10-04T00:30:45 IST" duration-ms="20" status="PASS">
          <reporter-output>
          </reporter-output>
        </test-method> <!-- test -->
        <test-method signature="testdata(java.lang.String,java.lang.String)[pri:0, instance:jdcb.Orange_hrm@51f116b8]" started-at="2024-10-04T00:30:45 IST" name="testdata" data-provider="orange_hrm" finished-at="2024-10-04T00:30:45 IST" duration-ms="1" status="PASS">
          <params>
            <param index="0">
              <value>
                <![CDATA[niranjan4]]>
              </value>
            </param>
            <param index="1">
              <value>
                <![CDATA[LT]]>
              </value>
            </param>
          </params>
          <reporter-output>
          </reporter-output>
        </test-method> <!-- testdata -->
        <test-method is-config="true" signature="test()[pri:0, instance:jdcb.Orange_hrm@51f116b8]" started-at="2024-10-04T00:30:45 IST" name="test" finished-at="2024-10-04T00:30:45 IST" duration-ms="19" status="PASS">
          <reporter-output>
          </reporter-output>
        </test-method> <!-- test -->
        <test-method signature="testdata(java.lang.String,java.lang.String)[pri:0, instance:jdcb.Orange_hrm@51f116b8]" started-at="2024-10-04T00:30:45 IST" name="testdata" data-provider="orange_hrm" finished-at="2024-10-04T00:30:45 IST" duration-ms="1" status="PASS">
          <params>
            <param index="0">
              <value>
                <![CDATA[niranjan4]]>
              </value>
            </param>
            <param index="1">
              <value>
                <![CDATA[LT]]>
              </value>
            </param>
          </params>
          <reporter-output>
          </reporter-output>
        </test-method> <!-- testdata -->
        <test-method is-config="true" signature="test()[pri:0, instance:jdcb.Orange_hrm@51f116b8]" started-at="2024-10-04T00:30:45 IST" name="test" finished-at="2024-10-04T00:30:45 IST" duration-ms="17" status="PASS">
          <reporter-output>
          </reporter-output>
        </test-method> <!-- test -->
        <test-method signature="testdata(java.lang.String,java.lang.String)[pri:0, instance:jdcb.Orange_hrm@51f116b8]" started-at="2024-10-04T00:30:45 IST" name="testdata" data-provider="orange_hrm" finished-at="2024-10-04T00:30:45 IST" duration-ms="1" status="PASS">
          <params>
            <param index="0">
              <value>
                <![CDATA[niranjan4]]>
              </value>
            </param>
            <param index="1">
              <value>
                <![CDATA[LT]]>
              </value>
            </param>
          </params>
          <reporter-output>
          </reporter-output>
        </test-method> <!-- testdata -->
      </class> <!-- jdcb.Orange_hrm -->
    </test> <!-- Default test -->
  </suite> <!-- Default suite -->
</testng-results>
