<?xml version="1.0" encoding="UTF-8"?>
<!-- Generated by org.testng.reporters.JUnitXMLReporter -->
<testsuite ignored="0" hostname="NiranjanLT" failures="0" tests="4" name="Default test" time="0.558" errors="0" timestamp="2024-10-04T00:30:45 IST">
  <testcase classname="jdcb.Orange_hrm" name="testdata" time="0.004"/>
  <testcase classname="jdcb.Orange_hrm" name="testdata" time="0.001"/>
  <testcase classname="jdcb.Orange_hrm" name="testdata" time="0.001"/>
  <testcase classname="jdcb.Orange_hrm" name="testdata" time="0.001"/>
</testsuite> <!-- Default test -->
