<?xml version="1.0" encoding="UTF-8"?>
<testng-results ignored="0" total="2" passed="2" failed="0" skipped="0">
  <reporter-output>
  </reporter-output>
  <suite started-at="2023-12-31T16:26:43 IST" name="Suite" finished-at="2023-12-31T16:26:57 IST" duration-ms="13714">
    <groups>
    </groups>
    <test started-at="2023-12-31T16:26:43 IST" name="Test_chrome" finished-at="2023-12-31T16:26:51 IST" duration-ms="7786">
      <class name="sample.Parallal">
        <test-method signature="test(java.lang.String)[pri:0, instance:sample.Parallal@3a45c42a]" started-at="2023-12-31T16:26:44 IST" name="test" finished-at="2023-12-31T16:26:51 IST" duration-ms="7693" status="PASS">
          <params>
            <param index="0">
              <value>
                <![CDATA[chrome]]>
              </value>
            </param>
          </params>
          <reporter-output>
          </reporter-output>
        </test-method> <!-- test -->
      </class> <!-- sample.Parallal -->
    </test> <!-- Test_chrome -->
    <test started-at="2023-12-31T16:26:51 IST" name="Test_firefox" finished-at="2023-12-31T16:26:57 IST" duration-ms="5883">
      <class name="sample.Parallal">
        <test-method signature="test(java.lang.String)[pri:0, instance:sample.Parallal@6df20ade]" started-at="2023-12-31T16:26:51 IST" name="test" finished-at="2023-12-31T16:26:57 IST" duration-ms="5878" status="PASS">
          <params>
            <param index="0">
              <value>
                <![CDATA[firefox]]>
              </value>
            </param>
          </params>
          <reporter-output>
          </reporter-output>
        </test-method> <!-- test -->
      </class> <!-- sample.Parallal -->
    </test> <!-- Test_firefox -->
  </suite> <!-- Suite -->
</testng-results>
